<?xml version="1.0" encoding="UTF-8"?>
<testsuite xmlns:xsi="http://www.w3.org/2001/XMLSchema-instance" xsi:noNamespaceSchemaLocation="https://maven.apache.org/surefire/maven-surefire-plugin/xsd/surefire-test-report.xsd" name="k8s.selenium.grid.eks.GoogleTest" time="66.889" tests="3" errors="0" skipped="1" failures="2">
  <properties>
[...]
</properties>
  <testcase name="setUp" classname="k8s.selenium.grid.eks.GoogleTest" time="61.525">
    <failure message="Could not start a new session. Possible causes are invalid address of the remote server or browser start-up failure. &#10;Host info: host: &apos;Anveshs-MacBook-Air.local&apos;, ip: &apos;fe80:0:0:0:109f:3edf:bbbc:487c%en0&apos;&#10;Build info: version: &apos;4.5.0&apos;, revision: &apos;fe167b119a&apos;&#10;System info: os.name: &apos;Mac OS X&apos;, os.arch: &apos;x86_64&apos;, os.version: &apos;13.3.1&apos;, java.version: &apos;17.0.6&apos;&#10;Driver info: org.openqa.selenium.remote.RemoteWebDriver&#10;Command: [null, newSession {capabilities=[Capabilities {}], desiredCapabilities=Capabilities {}}]&#10;Capabilities {}" type="org.openqa.selenium.SessionNotCreatedException">org.openqa.selenium.SessionNotCreatedException: 
Could not start a new session. Possible causes are invalid address of the remote server or browser start-up failure. 
Host info: host: 'Anveshs-MacBook-Air.local', ip: 'fe80:0:0:0:109f:3edf:bbbc:487c%en0'
Build info: version: '4.5.0', revision: 'fe167b119a'
System info: os.name: 'Mac OS X', os.arch: 'x86_64', os.version: '13.3.1', java.version: '17.0.6'
Driver info: org.openqa.selenium.remote.RemoteWebDriver
Command: [null, newSession {capabilities=[Capabilities {}], desiredCapabilities=Capabilities {}}]
Capabilities {}
	at k8s.selenium.grid.eks.GoogleTest.getWebDriver(GoogleTest.java:36)
	at k8s.selenium.grid.eks.GoogleTest.setUp(GoogleTest.java:25)
Caused by: java.io.UncheckedIOException: org.asynchttpclient.exception.RemotelyClosedException: Remotely closed
	at k8s.selenium.grid.eks.GoogleTest.getWebDriver(GoogleTest.java:36)
	at k8s.selenium.grid.eks.GoogleTest.setUp(GoogleTest.java:25)
Caused by: org.asynchttpclient.exception.RemotelyClosedException: Remotely closed
</failure>
    <system-out><![CDATA[{}
]]></system-out>
    <system-err><![CDATA[SLF4J: Failed to load class "org.slf4j.impl.StaticLoggerBinder".
SLF4J: Defaulting to no-operation (NOP) logger implementation
SLF4J: See http://www.slf4j.org/codes.html#StaticLoggerBinder for further details.
May 14, 2023 3:41:57 AM org.openqa.selenium.remote.tracing.opentelemetry.OpenTelemetryTracer createTracer
INFO: Using OpenTelemetry for tracing
]]></system-err>
  </testcase>
  <testcase name="printPageTitle" classname="k8s.selenium.grid.eks.GoogleTest" time="0">
    <skipped message="Could not start a new session. Possible causes are invalid address of the remote server or browser start-up failure. &#10;Host info: host: &apos;Anveshs-MacBook-Air.local&apos;, ip: &apos;fe80:0:0:0:109f:3edf:bbbc:487c%en0&apos;&#10;Build info: version: &apos;4.5.0&apos;, revision: &apos;fe167b119a&apos;&#10;System info: os.name: &apos;Mac OS X&apos;, os.arch: &apos;x86_64&apos;, os.version: &apos;13.3.1&apos;, java.version: &apos;17.0.6&apos;&#10;Driver info: org.openqa.selenium.remote.RemoteWebDriver&#10;Command: [null, newSession {capabilities=[Capabilities {}], desiredCapabilities=Capabilities {}}]&#10;Capabilities {}"/>
  </testcase>
  <testcase name="tearDown" classname="k8s.selenium.grid.eks.GoogleTest" time="0.004">
    <failure message="Cannot invoke &quot;org.openqa.selenium.WebDriver.quit()&quot; because &quot;this.webDriver&quot; is null" type="java.lang.NullPointerException">java.lang.NullPointerException: Cannot invoke "org.openqa.selenium.WebDriver.quit()" because "this.webDriver" is null
	at k8s.selenium.grid.eks.GoogleTest.tearDown(GoogleTest.java:49)
</failure>
  </testcase>
</testsuite>